<?xml version="1.0" encoding="UTF-8"?>
<!-- Generated by org.testng.reporters.JUnitXMLReporter -->
<testsuite ignored="0" hostname="DESKTOP-A766M3G" failures="0" tests="12" name="Test" time="47.718" errors="0" timestamp="04 Jul 2020 06:50:54 GMT">
  <testcase classname="MainPackage.Assertionhandle" name="logintofacebook" time="13.64"/>
  <testcase classname="MainPackage.Assertionhandle2" name="logintofacebook" time="17.079"/>
  <testcase classname="MainPackage.Assertionhandle3" name="logintofacebook" time="16.846"/>
  <testcase classname="MainPackage.FirstTestinTestNG" name="getTitle" time="0.003"/>
  <testcase classname="MainPackage.FirstTestinTestNG" name="getTitle2" time="0.003"/>
  <testcase classname="MainPackage.FirstTestinTestNG" name="getTitle3" time="0.004"/>
  <testcase classname="MainPackage.FirstTestinTestNG" name="validateHomepage" time="0.002"/>
  <testcase classname="MainPackage.FirstTestinTestNG" name="validateHomepage2" time="0.002"/>
  <testcase classname="MainPackage.FirstTestinTestNG" name="validateHomepage3" time="0.002"/>
  <testcase classname="MainPackage.FirstTestinTestNG" name="clickonprofilebutton" time="0.002"/>
  <testcase classname="MainPackage.FirstTestinTestNG" name="clickonprofilebutton2" time="0.004"/>
  <testcase classname="MainPackage.FirstTestinTestNG" name="clickonprofilebutton3" time="0.003"/>
</testsuite> <!-- Test -->
