<?xml version="1.0" encoding="UTF-8"?>
<testng-results ignored="0" total="2" passed="2" failed="0" skipped="0">
  <reporter-output>
  </reporter-output>
  <suite started-at="2020-07-11T06:01:48Z" name="Default suite" finished-at="2020-07-11T06:01:49Z" duration-ms="135">
    <groups>
    </groups>
    <test started-at="2020-07-11T06:01:48Z" name="Default test" finished-at="2020-07-11T06:01:49Z" duration-ms="135">
      <class name="MainPackage.ConceptDataprovider">
        <test-method signature="test1(java.lang.String, java.lang.String)[pri:0, instance:MainPackage.ConceptDataprovider@ae13544]" started-at="2020-07-11T11:31:49Z" name="test1" data-provider="getdata" finished-at="2020-07-11T11:31:49Z" duration-ms="30" status="PASS">
          <params>
            <param index="0">
              <value>
                <![CDATA[admin]]>
              </value>
            </param>
            <param index="1">
              <value>
                <![CDATA[admin1]]>
              </value>
            </param>
          </params>
          <reporter-output>
          </reporter-output>
        </test-method> <!-- test1 -->
        <test-method signature="test1(java.lang.String, java.lang.String)[pri:0, instance:MainPackage.ConceptDataprovider@ae13544]" started-at="2020-07-11T11:31:49Z" name="test1" data-provider="getdata" finished-at="2020-07-11T11:31:49Z" duration-ms="5" status="PASS">
          <params>
            <param index="0">
              <value>
                <![CDATA[admin2]]>
              </value>
            </param>
            <param index="1">
              <value>
                <![CDATA[admin3]]>
              </value>
            </param>
          </params>
          <reporter-output>
          </reporter-output>
        </test-method> <!-- test1 -->
      </class> <!-- MainPackage.ConceptDataprovider -->
    </test> <!-- Default test -->
  </suite> <!-- Default suite -->
</testng-results>
